<?xml version="1.0" encoding="UTF-8"?>
<!-- Generated by org.testng.reporters.JUnitReportReporter -->
<testsuite hostname="ashish" name="springmvc.model.dao.CSReviewerTest" tests="1" failures="0" timestamp="17 Jul 2015 04:57:14 GMT" time="0.741" errors="0">
  <testcase name="getCSReview" time="0.741" classname="springmvc.model.dao.CSReviewerTest"/>
</testsuite> <!-- springmvc.model.dao.CSReviewerTest -->
