<?xml version="1.0" encoding="UTF-8"?>
<!-- Generated by org.testng.reporters.JUnitReportReporter -->
<testsuite hostname="ashish" name="springmvc.model.dao.CSJobsTest" tests="3" failures="0" timestamp="17 Jul 2015 02:36:58 GMT" time="0.752" errors="0">
  <testcase name="getCSReview" time="0.037" classname="springmvc.model.dao.CSJobsTest"/>
  <testcase name="getCSJobs" time="0.653" classname="springmvc.model.dao.CSJobsTest"/>
  <testcase name="getCSJobsApplicants" time="0.062" classname="springmvc.model.dao.CSJobsTest"/>
</testsuite> <!-- springmvc.model.dao.CSJobsTest -->
