<?xml version="1.0" encoding="UTF-8"?>
<!-- Generated by org.testng.reporters.JUnitReportReporter -->
<testsuite hostname="ashish" name="springmvc.model.dao.CSJobsApplicantsTest" tests="1" failures="0" timestamp="17 Jul 2015 06:57:36 GMT" time="0.251" errors="0">
  <testcase name="getCSJobsApplicants" time="0.251" classname="springmvc.model.dao.CSJobsApplicantsTest"/>
</testsuite> <!-- springmvc.model.dao.CSJobsApplicantsTest -->
