<?xml version="1.0" encoding="UTF-8"?>
<!-- Generated by org.testng.reporters.JUnitReportReporter -->
<testsuite hostname="ashish" name="csjobs.model.dao.UserDaoTest" tests="3" failures="0" timestamp="21 Aug 2015 06:17:42 GMT" time="0.877" errors="0">
  <testcase name="getUserByEmail" time="0.767" classname="csjobs.model.dao.UserDaoTest"/>
  <testcase name="checkApplication" time="0.063" classname="csjobs.model.dao.UserDaoTest"/>
  <testcase name="getUserById" time="0.047" classname="csjobs.model.dao.UserDaoTest"/>
</testsuite> <!-- csjobs.model.dao.UserDaoTest -->
